mode: set
github.com/19chonm/461_1_23/metrics/formulaCalculator.go:13.43,16.23 2 1
github.com/19chonm/461_1_23/metrics/formulaCalculator.go:28.2,28.13 1 1
github.com/19chonm/461_1_23/metrics/formulaCalculator.go:34.2,34.12 1 1
github.com/19chonm/461_1_23/metrics/formulaCalculator.go:16.23,17.21 1 1
github.com/19chonm/461_1_23/metrics/formulaCalculator.go:25.3,25.28 1 1
github.com/19chonm/461_1_23/metrics/formulaCalculator.go:17.21,18.20 1 1
github.com/19chonm/461_1_23/metrics/formulaCalculator.go:18.20,20.5 1 1
github.com/19chonm/461_1_23/metrics/formulaCalculator.go:20.10,21.13 1 0
github.com/19chonm/461_1_23/metrics/formulaCalculator.go:28.13,30.3 1 1
github.com/19chonm/461_1_23/metrics/formulaCalculator.go:30.8,30.20 1 0
github.com/19chonm/461_1_23/metrics/formulaCalculator.go:30.20,32.3 1 0
github.com/19chonm/461_1_23/metrics/formulaCalculator.go:37.52,39.16 1 0
github.com/19chonm/461_1_23/metrics/formulaCalculator.go:42.2,42.40 1 0
github.com/19chonm/461_1_23/metrics/formulaCalculator.go:39.16,41.3 1 0
github.com/19chonm/461_1_23/metrics/formulaCalculator.go:45.82,61.2 5 0
github.com/19chonm/461_1_23/metrics/formulaCalculator.go:63.50,66.14 1 0
github.com/19chonm/461_1_23/metrics/formulaCalculator.go:70.2,70.40 1 0
github.com/19chonm/461_1_23/metrics/formulaCalculator.go:66.14,68.3 1 0
github.com/19chonm/461_1_23/metrics/formulaCalculator.go:73.51,76.16 1 0
github.com/19chonm/461_1_23/metrics/formulaCalculator.go:80.2,80.44 1 0
github.com/19chonm/461_1_23/metrics/formulaCalculator.go:76.16,78.3 1 0
github.com/19chonm/461_1_23/metrics/formulaCalculator.go:83.46,97.35 2 0
github.com/19chonm/461_1_23/metrics/formulaCalculator.go:103.2,103.10 1 0
github.com/19chonm/461_1_23/metrics/formulaCalculator.go:97.35,98.19 1 0
github.com/19chonm/461_1_23/metrics/formulaCalculator.go:98.19,100.4 1 0
github.com/19chonm/461_1_23/metrics/scanner.go:10.44,16.16 6 0
github.com/19chonm/461_1_23/metrics/scanner.go:20.2,21.16 2 0
github.com/19chonm/461_1_23/metrics/scanner.go:25.2,26.19 2 0
github.com/19chonm/461_1_23/metrics/scanner.go:16.16,18.3 1 0
github.com/19chonm/461_1_23/metrics/scanner.go:21.16,23.3 1 0
github.com/19chonm/461_1_23/fileio/reader.go:13.38,16.14 2 0
github.com/19chonm/461_1_23/fileio/reader.go:21.2,23.57 2 0
github.com/19chonm/461_1_23/fileio/reader.go:27.2,27.14 1 0
github.com/19chonm/461_1_23/fileio/reader.go:16.14,19.3 2 0
github.com/19chonm/461_1_23/fileio/reader.go:23.57,25.3 1 0
github.com/19chonm/461_1_23/fileio/reader.go:30.46,36.14 3 0
github.com/19chonm/461_1_23/fileio/reader.go:41.2,42.21 2 0
github.com/19chonm/461_1_23/fileio/reader.go:53.2,53.26 1 0
github.com/19chonm/461_1_23/fileio/reader.go:57.2,58.11 2 0
github.com/19chonm/461_1_23/fileio/reader.go:36.14,39.3 2 0
github.com/19chonm/461_1_23/fileio/reader.go:42.21,44.33 2 0
github.com/19chonm/461_1_23/fileio/reader.go:44.33,46.4 1 0
github.com/19chonm/461_1_23/fileio/reader.go:46.9,50.4 2 0
github.com/19chonm/461_1_23/fileio/reader.go:53.26,55.3 1 0
github.com/19chonm/461_1_23/fileio/reader.go:61.35,63.2 1 0
github.com/19chonm/461_1_23/api/graphql.go:39.89,62.2 2 0
github.com/19chonm/461_1_23/api/graphql.go:64.106,66.16 2 0
github.com/19chonm/461_1_23/api/graphql.go:70.2,79.16 8 0
github.com/19chonm/461_1_23/api/graphql.go:83.2,86.16 3 0
github.com/19chonm/461_1_23/api/graphql.go:90.2,94.48 4 0
github.com/19chonm/461_1_23/api/graphql.go:66.16,68.3 1 0
github.com/19chonm/461_1_23/api/graphql.go:79.16,81.3 1 0
github.com/19chonm/461_1_23/api/graphql.go:86.16,88.3 1 0
github.com/19chonm/461_1_23/worker/worker.go:11.57,16.16 3 0
github.com/19chonm/461_1_23/worker/worker.go:22.2,23.16 2 0
github.com/19chonm/461_1_23/worker/worker.go:28.2,29.16 2 0
github.com/19chonm/461_1_23/worker/worker.go:34.2,35.16 2 0
github.com/19chonm/461_1_23/worker/worker.go:40.2,41.16 2 0
github.com/19chonm/461_1_23/worker/worker.go:47.2,48.16 2 0
github.com/19chonm/461_1_23/worker/worker.go:54.2,75.15 12 0
github.com/19chonm/461_1_23/worker/worker.go:16.16,19.3 2 0
github.com/19chonm/461_1_23/worker/worker.go:23.16,26.3 2 0
github.com/19chonm/461_1_23/worker/worker.go:29.16,32.3 2 0
github.com/19chonm/461_1_23/worker/worker.go:35.16,38.3 2 0
github.com/19chonm/461_1_23/worker/worker.go:41.16,44.3 2 0
github.com/19chonm/461_1_23/worker/worker.go:48.16,51.3 2 0
github.com/19chonm/461_1_23/cli/commands/build.go:20.47,27.17 5 0
github.com/19chonm/461_1_23/cli/commands/build.go:27.17,29.4 1 0
github.com/19chonm/461_1_23/cli/commands/build.go:29.9,31.4 1 0
github.com/19chonm/461_1_23/cli/commands/build.go:35.13,37.2 1 1
github.com/19chonm/461_1_23/main.go:5.13,7.2 1 0
github.com/19chonm/461_1_23/cli/commands/test.go:30.47,49.41 12 0
github.com/19chonm/461_1_23/cli/commands/test.go:55.3,57.43 2 0
github.com/19chonm/461_1_23/cli/commands/test.go:62.3,63.13 2 0
github.com/19chonm/461_1_23/cli/commands/test.go:49.41,50.28 1 0
github.com/19chonm/461_1_23/cli/commands/test.go:50.28,52.5 1 0
github.com/19chonm/461_1_23/cli/commands/test.go:57.43,60.4 2 0
github.com/19chonm/461_1_23/cli/commands/test.go:68.13,70.2 1 1
github.com/19chonm/461_1_23/fileio/output.go:36.39,38.2 1 0
github.com/19chonm/461_1_23/fileio/output.go:40.44,45.6 2 0
github.com/19chonm/461_1_23/fileio/output.go:54.2,54.49 1 0
github.com/19chonm/461_1_23/fileio/output.go:58.2,58.23 1 0
github.com/19chonm/461_1_23/fileio/output.go:45.6,47.10 2 0
github.com/19chonm/461_1_23/fileio/output.go:50.3,50.45 1 0
github.com/19chonm/461_1_23/fileio/output.go:47.10,48.9 1 0
github.com/19chonm/461_1_23/fileio/output.go:54.49,56.3 1 0
github.com/19chonm/461_1_23/fileio/output.go:61.40,64.16 2 0
github.com/19chonm/461_1_23/fileio/output.go:69.2,69.27 1 0
github.com/19chonm/461_1_23/fileio/output.go:64.16,66.41 2 0
github.com/19chonm/461_1_23/fileio/output.go:72.44,74.25 2 0
github.com/19chonm/461_1_23/fileio/output.go:77.2,77.64 1 0
github.com/19chonm/461_1_23/fileio/output.go:74.25,76.3 1 0
github.com/19chonm/461_1_23/api/api.go:46.45,48.2 1 0
github.com/19chonm/461_1_23/api/api.go:50.43,52.2 1 0
github.com/19chonm/461_1_23/api/api.go:54.54,55.35 1 0
github.com/19chonm/461_1_23/api/api.go:65.2,65.13 1 0
github.com/19chonm/461_1_23/api/api.go:55.35,56.38 1 0
github.com/19chonm/461_1_23/api/api.go:59.3,59.42 1 0
github.com/19chonm/461_1_23/api/api.go:56.38,58.4 1 0
github.com/19chonm/461_1_23/api/api.go:59.42,60.47 1 0
github.com/19chonm/461_1_23/api/api.go:60.47,62.5 1 0
github.com/19chonm/461_1_23/api/api.go:80.69,86.20 4 0
github.com/19chonm/461_1_23/api/api.go:90.2,91.16 2 0
github.com/19chonm/461_1_23/api/api.go:94.2,94.36 1 0
github.com/19chonm/461_1_23/api/api.go:98.2,99.20 2 0
github.com/19chonm/461_1_23/api/api.go:102.2,107.9 3 0
github.com/19chonm/461_1_23/api/api.go:111.2,111.31 1 0
github.com/19chonm/461_1_23/api/api.go:86.20,88.3 1 0
github.com/19chonm/461_1_23/api/api.go:91.16,93.3 1 0
github.com/19chonm/461_1_23/api/api.go:94.36,96.3 1 0
github.com/19chonm/461_1_23/api/api.go:99.20,101.3 1 0
github.com/19chonm/461_1_23/api/api.go:107.9,109.3 1 0
github.com/19chonm/461_1_23/api/api.go:115.109,124.6 6 0
github.com/19chonm/461_1_23/api/api.go:124.6,128.17 4 0
github.com/19chonm/461_1_23/api/api.go:143.3,143.9 1 0
github.com/19chonm/461_1_23/api/api.go:128.17,131.4 2 0
github.com/19chonm/461_1_23/api/api.go:131.9,131.35 1 0
github.com/19chonm/461_1_23/api/api.go:131.35,132.38 1 0
github.com/19chonm/461_1_23/api/api.go:132.38,135.13 3 0
github.com/19chonm/461_1_23/api/api.go:136.10,139.5 2 0
github.com/19chonm/461_1_23/api/api.go:140.9,140.35 1 0
github.com/19chonm/461_1_23/api/api.go:140.35,142.4 1 0
github.com/19chonm/461_1_23/api/api.go:148.71,150.6 2 0
github.com/19chonm/461_1_23/api/api.go:150.6,152.20 2 0
github.com/19chonm/461_1_23/api/api.go:152.20,155.4 2 0
github.com/19chonm/461_1_23/api/api.go:155.9,155.24 1 0
github.com/19chonm/461_1_23/api/api.go:155.24,157.4 1 0
github.com/19chonm/461_1_23/api/api.go:162.86,165.16 3 0
github.com/19chonm/461_1_23/api/api.go:168.2,172.8 5 0
github.com/19chonm/461_1_23/api/api.go:165.16,167.3 1 0
github.com/19chonm/461_1_23/api/api.go:176.106,178.16 2 0
github.com/19chonm/461_1_23/api/api.go:182.2,184.25 2 0
github.com/19chonm/461_1_23/api/api.go:191.2,192.22 2 0
github.com/19chonm/461_1_23/api/api.go:198.2,198.8 1 0
github.com/19chonm/461_1_23/api/api.go:178.16,180.3 1 0
github.com/19chonm/461_1_23/api/api.go:184.25,188.3 3 0
github.com/19chonm/461_1_23/api/api.go:192.22,196.3 3 0
github.com/19chonm/461_1_23/api/api.go:203.126,205.16 2 0
github.com/19chonm/461_1_23/api/api.go:209.2,210.6 2 0
github.com/19chonm/461_1_23/api/api.go:205.16,208.3 2 0
github.com/19chonm/461_1_23/api/api.go:210.6,213.17 3 0
github.com/19chonm/461_1_23/api/api.go:217.3,220.36 3 0
github.com/19chonm/461_1_23/api/api.go:228.3,232.20 3 0
github.com/19chonm/461_1_23/api/api.go:238.3,240.35 3 0
github.com/19chonm/461_1_23/api/api.go:248.3,248.17 1 0
github.com/19chonm/461_1_23/api/api.go:213.17,215.4 1 0
github.com/19chonm/461_1_23/api/api.go:220.36,221.21 1 0
github.com/19chonm/461_1_23/api/api.go:221.21,225.5 3 0
github.com/19chonm/461_1_23/api/api.go:232.20,234.4 1 0
github.com/19chonm/461_1_23/api/api.go:240.35,241.47 1 0
github.com/19chonm/461_1_23/api/api.go:241.47,245.10 3 0
github.com/19chonm/461_1_23/api/api.go:248.17,250.4 1 0
github.com/19chonm/461_1_23/api/api.go:254.49,257.16 2 0
github.com/19chonm/461_1_23/api/api.go:261.2,262.16 2 0
github.com/19chonm/461_1_23/api/api.go:267.2,267.29 1 0
github.com/19chonm/461_1_23/api/api.go:257.16,259.3 1 0
github.com/19chonm/461_1_23/api/api.go:262.16,265.3 2 0
github.com/19chonm/461_1_23/api/api.go:267.29,269.3 1 0
github.com/19chonm/461_1_23/api/api.go:269.8,271.3 1 0
github.com/19chonm/461_1_23/api/api.go:274.63,277.16 2 0
github.com/19chonm/461_1_23/api/api.go:281.2,282.16 2 0
github.com/19chonm/461_1_23/api/api.go:287.2,289.28 3 0
github.com/19chonm/461_1_23/api/api.go:306.2,307.19 2 0
github.com/19chonm/461_1_23/api/api.go:314.2,314.40 1 0
github.com/19chonm/461_1_23/api/api.go:277.16,279.3 1 0
github.com/19chonm/461_1_23/api/api.go:282.16,285.3 2 0
github.com/19chonm/461_1_23/api/api.go:289.28,290.31 1 0
github.com/19chonm/461_1_23/api/api.go:293.3,294.17 2 0
github.com/19chonm/461_1_23/api/api.go:298.3,299.17 2 0
github.com/19chonm/461_1_23/api/api.go:303.3,304.17 2 0
github.com/19chonm/461_1_23/api/api.go:290.31,291.12 1 0
github.com/19chonm/461_1_23/api/api.go:294.17,297.4 2 0
github.com/19chonm/461_1_23/api/api.go:299.17,302.4 2 0
github.com/19chonm/461_1_23/api/api.go:307.19,310.3 1 0
github.com/19chonm/461_1_23/api/api.go:310.8,312.3 1 0
github.com/19chonm/461_1_23/api/api.go:317.56,321.16 2 0
github.com/19chonm/461_1_23/api/api.go:325.2,326.16 2 0
github.com/19chonm/461_1_23/api/api.go:331.2,334.28 4 0
github.com/19chonm/461_1_23/api/api.go:348.2,351.33 3 0
github.com/19chonm/461_1_23/api/api.go:365.2,365.31 1 0
github.com/19chonm/461_1_23/api/api.go:321.16,323.3 1 0
github.com/19chonm/461_1_23/api/api.go:326.16,329.3 2 0
github.com/19chonm/461_1_23/api/api.go:334.28,336.36 2 0
github.com/19chonm/461_1_23/api/api.go:341.3,341.24 1 0
github.com/19chonm/461_1_23/api/api.go:336.36,337.33 1 0
github.com/19chonm/461_1_23/api/api.go:337.33,339.5 1 0
github.com/19chonm/461_1_23/api/api.go:341.24,344.4 2 0
github.com/19chonm/461_1_23/api/api.go:351.33,353.27 2 0
github.com/19chonm/461_1_23/api/api.go:353.27,357.4 3 0
github.com/19chonm/461_1_23/api/api.go:357.9,357.34 1 0
github.com/19chonm/461_1_23/api/api.go:357.34,360.4 2 0
github.com/19chonm/461_1_23/api/api.go:360.9,360.34 1 0
github.com/19chonm/461_1_23/api/api.go:360.34,362.4 1 0
github.com/19chonm/461_1_23/api/api.go:368.57,371.2 2 0
github.com/19chonm/461_1_23/api/api.go:373.53,376.22 2 0
github.com/19chonm/461_1_23/api/api.go:385.2,385.11 1 0
github.com/19chonm/461_1_23/api/api.go:376.22,377.15 1 0
github.com/19chonm/461_1_23/api/api.go:377.15,379.16 2 0
github.com/19chonm/461_1_23/api/api.go:379.16,381.5 1 0
github.com/19chonm/461_1_23/api/api.go:388.64,391.14 2 0
github.com/19chonm/461_1_23/api/api.go:394.2,395.30 2 0
github.com/19chonm/461_1_23/api/api.go:400.2,407.16 6 0
github.com/19chonm/461_1_23/api/api.go:417.2,426.22 7 0
github.com/19chonm/461_1_23/api/api.go:430.2,430.38 1 0
github.com/19chonm/461_1_23/api/api.go:391.14,393.3 1 0
github.com/19chonm/461_1_23/api/api.go:395.30,397.3 1 0
github.com/19chonm/461_1_23/api/api.go:407.16,410.3 2 0
github.com/19chonm/461_1_23/api/api.go:426.22,428.3 1 0
github.com/19chonm/461_1_23/worker/manager.go:12.71,16.34 3 0
github.com/19chonm/461_1_23/worker/manager.go:32.2,33.17 2 0
github.com/19chonm/461_1_23/worker/manager.go:16.34,18.13 1 0
github.com/19chonm/461_1_23/worker/manager.go:18.13,20.8 2 0
github.com/19chonm/461_1_23/worker/manager.go:20.8,22.12 2 0
github.com/19chonm/461_1_23/worker/manager.go:27.5,27.27 1 0
github.com/19chonm/461_1_23/worker/manager.go:22.12,26.6 3 0
github.com/19chonm/461_1_23/cli/commands/install.go:20.47,29.17 5 0
github.com/19chonm/461_1_23/cli/commands/install.go:35.3,42.17 6 0
github.com/19chonm/461_1_23/cli/commands/install.go:50.3,57.17 6 0
github.com/19chonm/461_1_23/cli/commands/install.go:64.3,64.45 1 0
github.com/19chonm/461_1_23/cli/commands/install.go:29.17,32.4 2 0
github.com/19chonm/461_1_23/cli/commands/install.go:42.17,45.4 2 0
github.com/19chonm/461_1_23/cli/commands/install.go:45.9,47.4 1 0
github.com/19chonm/461_1_23/cli/commands/install.go:57.17,60.4 2 0
github.com/19chonm/461_1_23/cli/commands/install.go:60.9,62.4 1 0
github.com/19chonm/461_1_23/cli/commands/install.go:68.13,70.2 1 1
github.com/19chonm/461_1_23/cli/commands/team23.go:23.48,25.3 0 0
github.com/19chonm/461_1_23/cli/commands/team23.go:34.16,36.23 1 0
github.com/19chonm/461_1_23/cli/commands/team23.go:64.2,64.12 1 0
github.com/19chonm/461_1_23/cli/commands/team23.go:36.23,40.3 1 0
github.com/19chonm/461_1_23/cli/commands/team23.go:40.8,40.39 1 0
github.com/19chonm/461_1_23/cli/commands/team23.go:40.39,52.3 6 0
github.com/19chonm/461_1_23/cli/commands/team23.go:52.8,53.24 1 0
github.com/19chonm/461_1_23/cli/commands/team23.go:53.24,55.43 1 0
github.com/19chonm/461_1_23/cli/commands/team23.go:55.43,58.4 2 0
github.com/19chonm/461_1_23/cli/commands/team23.go:59.8,62.3 2 0
github.com/19chonm/461_1_23/cli/commands/install.go:20.47,29.17 5 0
github.com/19chonm/461_1_23/cli/commands/install.go:35.3,42.17 6 0
github.com/19chonm/461_1_23/cli/commands/install.go:50.3,57.17 6 0
github.com/19chonm/461_1_23/cli/commands/install.go:64.3,64.45 1 0
github.com/19chonm/461_1_23/cli/commands/install.go:29.17,32.4 2 0
github.com/19chonm/461_1_23/cli/commands/install.go:42.17,45.4 2 0
github.com/19chonm/461_1_23/cli/commands/install.go:45.9,47.4 1 0
github.com/19chonm/461_1_23/cli/commands/install.go:57.17,60.4 2 0
github.com/19chonm/461_1_23/cli/commands/install.go:60.9,62.4 1 0
github.com/19chonm/461_1_23/cli/commands/install.go:68.13,70.2 1 1
github.com/19chonm/461_1_23/cli/commands/team23.go:23.48,25.3 0 0
github.com/19chonm/461_1_23/cli/commands/team23.go:34.16,36.23 1 0
github.com/19chonm/461_1_23/cli/commands/team23.go:64.2,64.12 1 0
github.com/19chonm/461_1_23/cli/commands/team23.go:36.23,40.3 1 0
github.com/19chonm/461_1_23/cli/commands/team23.go:40.8,40.39 1 0
github.com/19chonm/461_1_23/cli/commands/team23.go:40.39,52.3 6 0
github.com/19chonm/461_1_23/cli/commands/team23.go:52.8,53.24 1 0
github.com/19chonm/461_1_23/cli/commands/team23.go:53.24,55.43 1 0
github.com/19chonm/461_1_23/cli/commands/team23.go:55.43,58.4 2 0
github.com/19chonm/461_1_23/cli/commands/team23.go:59.8,62.3 2 0
github.com/19chonm/461_1_23/main.go:5.13,7.2 1 0
github.com/19chonm/461_1_23/worker/manager.go:12.71,16.34 3 0
github.com/19chonm/461_1_23/worker/manager.go:32.2,33.17 2 0
github.com/19chonm/461_1_23/worker/manager.go:16.34,18.13 1 0
github.com/19chonm/461_1_23/worker/manager.go:18.13,20.8 2 0
github.com/19chonm/461_1_23/worker/manager.go:20.8,22.12 2 0
github.com/19chonm/461_1_23/worker/manager.go:27.5,27.27 1 0
github.com/19chonm/461_1_23/worker/manager.go:22.12,26.6 3 0
github.com/19chonm/461_1_23/worker/worker.go:11.57,16.16 3 0
github.com/19chonm/461_1_23/worker/worker.go:22.2,23.16 2 0
github.com/19chonm/461_1_23/worker/worker.go:28.2,29.16 2 0
github.com/19chonm/461_1_23/worker/worker.go:34.2,35.16 2 0
github.com/19chonm/461_1_23/worker/worker.go:40.2,41.16 2 0
github.com/19chonm/461_1_23/worker/worker.go:47.2,48.16 2 0
github.com/19chonm/461_1_23/worker/worker.go:54.2,75.15 12 0
github.com/19chonm/461_1_23/worker/worker.go:16.16,19.3 2 0
github.com/19chonm/461_1_23/worker/worker.go:23.16,26.3 2 0
github.com/19chonm/461_1_23/worker/worker.go:29.16,32.3 2 0
github.com/19chonm/461_1_23/worker/worker.go:35.16,38.3 2 0
github.com/19chonm/461_1_23/worker/worker.go:41.16,44.3 2 0
github.com/19chonm/461_1_23/worker/worker.go:48.16,51.3 2 0
github.com/19chonm/461_1_23/cli/commands/build.go:20.47,27.17 5 0
github.com/19chonm/461_1_23/cli/commands/build.go:27.17,29.4 1 0
github.com/19chonm/461_1_23/cli/commands/build.go:29.9,31.4 1 0
github.com/19chonm/461_1_23/cli/commands/build.go:35.13,37.2 1 1
github.com/19chonm/461_1_23/metrics/scanner.go:10.44,16.16 6 0
github.com/19chonm/461_1_23/metrics/scanner.go:20.2,21.16 2 0
github.com/19chonm/461_1_23/metrics/scanner.go:25.2,26.19 2 0
github.com/19chonm/461_1_23/metrics/scanner.go:16.16,18.3 1 0
github.com/19chonm/461_1_23/metrics/scanner.go:21.16,23.3 1 0
github.com/19chonm/461_1_23/cli/commands/test.go:30.47,49.41 12 0
github.com/19chonm/461_1_23/cli/commands/test.go:55.3,57.43 2 0
github.com/19chonm/461_1_23/cli/commands/test.go:62.3,63.13 2 0
github.com/19chonm/461_1_23/cli/commands/test.go:49.41,50.28 1 0
github.com/19chonm/461_1_23/cli/commands/test.go:50.28,52.5 1 0
github.com/19chonm/461_1_23/cli/commands/test.go:57.43,60.4 2 0
github.com/19chonm/461_1_23/cli/commands/test.go:68.13,70.2 1 1
github.com/19chonm/461_1_23/api/api.go:46.45,48.2 1 0
github.com/19chonm/461_1_23/api/api.go:50.43,52.2 1 1
github.com/19chonm/461_1_23/api/api.go:54.54,55.35 1 1
github.com/19chonm/461_1_23/api/api.go:65.2,65.13 1 1
github.com/19chonm/461_1_23/api/api.go:55.35,56.38 1 1
github.com/19chonm/461_1_23/api/api.go:59.3,59.42 1 1
github.com/19chonm/461_1_23/api/api.go:56.38,58.4 1 0
github.com/19chonm/461_1_23/api/api.go:59.42,60.47 1 1
github.com/19chonm/461_1_23/api/api.go:60.47,62.5 1 0
github.com/19chonm/461_1_23/api/api.go:80.69,86.20 4 1
github.com/19chonm/461_1_23/api/api.go:90.2,91.16 2 1
github.com/19chonm/461_1_23/api/api.go:94.2,94.36 1 1
github.com/19chonm/461_1_23/api/api.go:98.2,99.20 2 1
github.com/19chonm/461_1_23/api/api.go:102.2,107.9 3 1
github.com/19chonm/461_1_23/api/api.go:111.2,111.31 1 1
github.com/19chonm/461_1_23/api/api.go:86.20,88.3 1 0
github.com/19chonm/461_1_23/api/api.go:91.16,93.3 1 1
github.com/19chonm/461_1_23/api/api.go:94.36,96.3 1 1
github.com/19chonm/461_1_23/api/api.go:99.20,101.3 1 0
github.com/19chonm/461_1_23/api/api.go:107.9,109.3 1 0
github.com/19chonm/461_1_23/api/api.go:115.109,124.6 6 1
github.com/19chonm/461_1_23/api/api.go:124.6,128.17 4 1
github.com/19chonm/461_1_23/api/api.go:143.3,143.9 1 1
github.com/19chonm/461_1_23/api/api.go:128.17,131.4 2 0
github.com/19chonm/461_1_23/api/api.go:131.9,131.35 1 1
github.com/19chonm/461_1_23/api/api.go:131.35,132.38 1 0
github.com/19chonm/461_1_23/api/api.go:132.38,135.13 3 0
github.com/19chonm/461_1_23/api/api.go:136.10,139.5 2 0
github.com/19chonm/461_1_23/api/api.go:140.9,140.35 1 1
github.com/19chonm/461_1_23/api/api.go:140.35,142.4 1 1
github.com/19chonm/461_1_23/api/api.go:148.71,150.6 2 1
github.com/19chonm/461_1_23/api/api.go:150.6,152.20 2 1
github.com/19chonm/461_1_23/api/api.go:152.20,155.4 2 1
github.com/19chonm/461_1_23/api/api.go:155.9,155.24 1 1
github.com/19chonm/461_1_23/api/api.go:155.24,157.4 1 0
github.com/19chonm/461_1_23/api/api.go:162.86,165.16 3 1
github.com/19chonm/461_1_23/api/api.go:168.2,172.8 5 1
github.com/19chonm/461_1_23/api/api.go:165.16,167.3 1 1
github.com/19chonm/461_1_23/api/api.go:176.106,178.16 2 1
github.com/19chonm/461_1_23/api/api.go:182.2,184.25 2 1
github.com/19chonm/461_1_23/api/api.go:191.2,192.22 2 1
github.com/19chonm/461_1_23/api/api.go:198.2,198.8 1 1
github.com/19chonm/461_1_23/api/api.go:178.16,180.3 1 0
github.com/19chonm/461_1_23/api/api.go:184.25,188.3 3 0
github.com/19chonm/461_1_23/api/api.go:192.22,196.3 3 0
github.com/19chonm/461_1_23/api/api.go:203.126,205.16 2 1
github.com/19chonm/461_1_23/api/api.go:209.2,210.6 2 1
github.com/19chonm/461_1_23/api/api.go:205.16,208.3 2 0
github.com/19chonm/461_1_23/api/api.go:210.6,213.17 3 1
github.com/19chonm/461_1_23/api/api.go:217.3,220.36 3 1
github.com/19chonm/461_1_23/api/api.go:228.3,232.20 3 1
github.com/19chonm/461_1_23/api/api.go:238.3,240.35 3 1
github.com/19chonm/461_1_23/api/api.go:248.3,248.17 1 1
github.com/19chonm/461_1_23/api/api.go:213.17,215.4 1 0
github.com/19chonm/461_1_23/api/api.go:220.36,221.21 1 1
github.com/19chonm/461_1_23/api/api.go:221.21,225.5 3 0
github.com/19chonm/461_1_23/api/api.go:232.20,234.4 1 1
github.com/19chonm/461_1_23/api/api.go:240.35,241.47 1 1
github.com/19chonm/461_1_23/api/api.go:241.47,245.10 3 1
github.com/19chonm/461_1_23/api/api.go:248.17,250.4 1 0
github.com/19chonm/461_1_23/api/api.go:254.49,257.16 2 0
github.com/19chonm/461_1_23/api/api.go:261.2,262.16 2 0
github.com/19chonm/461_1_23/api/api.go:267.2,267.29 1 0
github.com/19chonm/461_1_23/api/api.go:257.16,259.3 1 0
github.com/19chonm/461_1_23/api/api.go:262.16,265.3 2 0
github.com/19chonm/461_1_23/api/api.go:267.29,269.3 1 0
github.com/19chonm/461_1_23/api/api.go:269.8,271.3 1 0
github.com/19chonm/461_1_23/api/api.go:274.63,277.16 2 1
github.com/19chonm/461_1_23/api/api.go:281.2,282.16 2 1
github.com/19chonm/461_1_23/api/api.go:287.2,289.28 3 1
github.com/19chonm/461_1_23/api/api.go:306.2,307.19 2 1
github.com/19chonm/461_1_23/api/api.go:314.2,314.40 1 1
github.com/19chonm/461_1_23/api/api.go:277.16,279.3 1 0
github.com/19chonm/461_1_23/api/api.go:282.16,285.3 2 0
github.com/19chonm/461_1_23/api/api.go:289.28,290.31 1 1
github.com/19chonm/461_1_23/api/api.go:293.3,294.17 2 1
github.com/19chonm/461_1_23/api/api.go:298.3,299.17 2 1
github.com/19chonm/461_1_23/api/api.go:303.3,304.17 2 1
github.com/19chonm/461_1_23/api/api.go:290.31,291.12 1 1
github.com/19chonm/461_1_23/api/api.go:294.17,297.4 2 0
github.com/19chonm/461_1_23/api/api.go:299.17,302.4 2 0
github.com/19chonm/461_1_23/api/api.go:307.19,310.3 1 1
github.com/19chonm/461_1_23/api/api.go:310.8,312.3 1 0
github.com/19chonm/461_1_23/api/api.go:317.56,321.16 2 1
github.com/19chonm/461_1_23/api/api.go:325.2,326.16 2 1
github.com/19chonm/461_1_23/api/api.go:331.2,334.28 4 1
github.com/19chonm/461_1_23/api/api.go:348.2,351.33 3 1
github.com/19chonm/461_1_23/api/api.go:365.2,365.31 1 1
github.com/19chonm/461_1_23/api/api.go:321.16,323.3 1 0
github.com/19chonm/461_1_23/api/api.go:326.16,329.3 2 0
github.com/19chonm/461_1_23/api/api.go:334.28,336.36 2 1
github.com/19chonm/461_1_23/api/api.go:341.3,341.24 1 1
github.com/19chonm/461_1_23/api/api.go:336.36,337.33 1 1
github.com/19chonm/461_1_23/api/api.go:337.33,339.5 1 1
github.com/19chonm/461_1_23/api/api.go:341.24,344.4 2 1
github.com/19chonm/461_1_23/api/api.go:351.33,353.27 2 1
github.com/19chonm/461_1_23/api/api.go:353.27,357.4 3 1
github.com/19chonm/461_1_23/api/api.go:357.9,357.34 1 1
github.com/19chonm/461_1_23/api/api.go:357.34,360.4 2 1
github.com/19chonm/461_1_23/api/api.go:360.9,360.34 1 1
github.com/19chonm/461_1_23/api/api.go:360.34,362.4 1 1
github.com/19chonm/461_1_23/api/api.go:368.57,371.2 2 0
github.com/19chonm/461_1_23/api/api.go:373.53,376.22 2 0
github.com/19chonm/461_1_23/api/api.go:385.2,385.11 1 0
github.com/19chonm/461_1_23/api/api.go:376.22,377.15 1 0
github.com/19chonm/461_1_23/api/api.go:377.15,379.16 2 0
github.com/19chonm/461_1_23/api/api.go:379.16,381.5 1 0
github.com/19chonm/461_1_23/api/api.go:388.64,391.14 2 0
github.com/19chonm/461_1_23/api/api.go:394.2,395.30 2 0
github.com/19chonm/461_1_23/api/api.go:400.2,407.16 6 0
github.com/19chonm/461_1_23/api/api.go:417.2,426.22 7 0
github.com/19chonm/461_1_23/api/api.go:430.2,430.38 1 0
github.com/19chonm/461_1_23/api/api.go:391.14,393.3 1 0
github.com/19chonm/461_1_23/api/api.go:395.30,397.3 1 0
github.com/19chonm/461_1_23/api/api.go:407.16,410.3 2 0
github.com/19chonm/461_1_23/api/api.go:426.22,428.3 1 0
github.com/19chonm/461_1_23/api/graphql.go:39.89,62.2 2 1
github.com/19chonm/461_1_23/api/graphql.go:64.106,66.16 2 1
github.com/19chonm/461_1_23/api/graphql.go:70.2,79.16 8 1
github.com/19chonm/461_1_23/api/graphql.go:83.2,86.16 3 1
github.com/19chonm/461_1_23/api/graphql.go:90.2,94.48 4 1
github.com/19chonm/461_1_23/api/graphql.go:66.16,68.3 1 1
github.com/19chonm/461_1_23/api/graphql.go:79.16,81.3 1 0
github.com/19chonm/461_1_23/api/graphql.go:86.16,88.3 1 0
github.com/19chonm/461_1_23/fileio/output.go:36.39,38.2 1 0
github.com/19chonm/461_1_23/fileio/output.go:40.44,45.6 2 0
github.com/19chonm/461_1_23/fileio/output.go:54.2,54.49 1 0
github.com/19chonm/461_1_23/fileio/output.go:58.2,58.23 1 0
github.com/19chonm/461_1_23/fileio/output.go:45.6,47.10 2 0
github.com/19chonm/461_1_23/fileio/output.go:50.3,50.45 1 0
github.com/19chonm/461_1_23/fileio/output.go:47.10,48.9 1 0
github.com/19chonm/461_1_23/fileio/output.go:54.49,56.3 1 0
github.com/19chonm/461_1_23/fileio/output.go:61.40,64.16 2 0
github.com/19chonm/461_1_23/fileio/output.go:69.2,69.27 1 0
github.com/19chonm/461_1_23/fileio/output.go:64.16,66.41 2 0
github.com/19chonm/461_1_23/fileio/output.go:72.44,74.25 2 0
github.com/19chonm/461_1_23/fileio/output.go:77.2,77.64 1 0
github.com/19chonm/461_1_23/fileio/output.go:74.25,76.3 1 0
github.com/19chonm/461_1_23/fileio/reader.go:13.38,16.14 2 0
github.com/19chonm/461_1_23/fileio/reader.go:21.2,23.57 2 0
github.com/19chonm/461_1_23/fileio/reader.go:27.2,27.14 1 0
github.com/19chonm/461_1_23/fileio/reader.go:16.14,19.3 2 0
github.com/19chonm/461_1_23/fileio/reader.go:23.57,25.3 1 0
github.com/19chonm/461_1_23/fileio/reader.go:30.46,36.14 3 0
github.com/19chonm/461_1_23/fileio/reader.go:41.2,42.21 2 0
github.com/19chonm/461_1_23/fileio/reader.go:53.2,53.26 1 0
github.com/19chonm/461_1_23/fileio/reader.go:57.2,58.11 2 0
github.com/19chonm/461_1_23/fileio/reader.go:36.14,39.3 2 0
github.com/19chonm/461_1_23/fileio/reader.go:42.21,44.33 2 0
github.com/19chonm/461_1_23/fileio/reader.go:44.33,46.4 1 0
github.com/19chonm/461_1_23/fileio/reader.go:46.9,50.4 2 0
github.com/19chonm/461_1_23/fileio/reader.go:53.26,55.3 1 0
github.com/19chonm/461_1_23/fileio/reader.go:61.35,63.2 1 0
github.com/19chonm/461_1_23/metrics/formulaCalculator.go:13.43,16.23 2 0
github.com/19chonm/461_1_23/metrics/formulaCalculator.go:28.2,28.13 1 0
github.com/19chonm/461_1_23/metrics/formulaCalculator.go:34.2,34.12 1 0
github.com/19chonm/461_1_23/metrics/formulaCalculator.go:16.23,17.21 1 0
github.com/19chonm/461_1_23/metrics/formulaCalculator.go:25.3,25.28 1 0
github.com/19chonm/461_1_23/metrics/formulaCalculator.go:17.21,18.20 1 0
github.com/19chonm/461_1_23/metrics/formulaCalculator.go:18.20,20.5 1 0
github.com/19chonm/461_1_23/metrics/formulaCalculator.go:20.10,21.13 1 0
github.com/19chonm/461_1_23/metrics/formulaCalculator.go:28.13,30.3 1 0
github.com/19chonm/461_1_23/metrics/formulaCalculator.go:30.8,30.20 1 0
github.com/19chonm/461_1_23/metrics/formulaCalculator.go:30.20,32.3 1 0
github.com/19chonm/461_1_23/metrics/formulaCalculator.go:37.52,39.16 1 0
github.com/19chonm/461_1_23/metrics/formulaCalculator.go:42.2,42.40 1 0
github.com/19chonm/461_1_23/metrics/formulaCalculator.go:39.16,41.3 1 0
github.com/19chonm/461_1_23/metrics/formulaCalculator.go:45.82,61.2 5 0
github.com/19chonm/461_1_23/metrics/formulaCalculator.go:63.50,66.14 1 0
github.com/19chonm/461_1_23/metrics/formulaCalculator.go:70.2,70.40 1 0
github.com/19chonm/461_1_23/metrics/formulaCalculator.go:66.14,68.3 1 0
github.com/19chonm/461_1_23/metrics/formulaCalculator.go:73.51,76.16 1 0
github.com/19chonm/461_1_23/metrics/formulaCalculator.go:80.2,80.44 1 0
github.com/19chonm/461_1_23/metrics/formulaCalculator.go:76.16,78.3 1 0
github.com/19chonm/461_1_23/metrics/formulaCalculator.go:83.46,97.35 2 0
github.com/19chonm/461_1_23/metrics/formulaCalculator.go:103.2,103.10 1 0
github.com/19chonm/461_1_23/metrics/formulaCalculator.go:97.35,98.19 1 0
github.com/19chonm/461_1_23/metrics/formulaCalculator.go:98.19,100.4 1 0
github.com/19chonm/461_1_23/cli/commands/build.go:20.47,27.17 5 0
github.com/19chonm/461_1_23/cli/commands/build.go:27.17,29.4 1 0
github.com/19chonm/461_1_23/cli/commands/build.go:29.9,31.4 1 0
github.com/19chonm/461_1_23/cli/commands/build.go:35.13,37.2 1 1
github.com/19chonm/461_1_23/cli/commands/test.go:30.47,49.41 12 0
github.com/19chonm/461_1_23/cli/commands/test.go:55.3,57.43 2 0
github.com/19chonm/461_1_23/cli/commands/test.go:62.3,63.13 2 0
github.com/19chonm/461_1_23/cli/commands/test.go:49.41,50.28 1 0
github.com/19chonm/461_1_23/cli/commands/test.go:50.28,52.5 1 0
github.com/19chonm/461_1_23/cli/commands/test.go:57.43,60.4 2 0
github.com/19chonm/461_1_23/cli/commands/test.go:68.13,70.2 1 1
github.com/19chonm/461_1_23/fileio/output.go:36.39,38.2 1 0
github.com/19chonm/461_1_23/fileio/output.go:40.44,45.6 2 0
github.com/19chonm/461_1_23/fileio/output.go:54.2,54.49 1 0
github.com/19chonm/461_1_23/fileio/output.go:58.2,58.23 1 0
github.com/19chonm/461_1_23/fileio/output.go:45.6,47.10 2 0
github.com/19chonm/461_1_23/fileio/output.go:50.3,50.45 1 0
github.com/19chonm/461_1_23/fileio/output.go:47.10,48.9 1 0
github.com/19chonm/461_1_23/fileio/output.go:54.49,56.3 1 0
github.com/19chonm/461_1_23/fileio/output.go:61.40,64.16 2 0
github.com/19chonm/461_1_23/fileio/output.go:69.2,69.27 1 0
github.com/19chonm/461_1_23/fileio/output.go:64.16,66.41 2 0
github.com/19chonm/461_1_23/fileio/output.go:72.44,74.25 2 0
github.com/19chonm/461_1_23/fileio/output.go:77.2,77.64 1 0
github.com/19chonm/461_1_23/fileio/output.go:74.25,76.3 1 0
github.com/19chonm/461_1_23/api/api.go:46.45,48.2 1 1
github.com/19chonm/461_1_23/api/api.go:50.43,52.2 1 1
github.com/19chonm/461_1_23/api/api.go:54.54,55.35 1 1
github.com/19chonm/461_1_23/api/api.go:65.2,65.13 1 1
github.com/19chonm/461_1_23/api/api.go:55.35,56.38 1 1
github.com/19chonm/461_1_23/api/api.go:59.3,59.42 1 1
github.com/19chonm/461_1_23/api/api.go:56.38,58.4 1 0
github.com/19chonm/461_1_23/api/api.go:59.42,60.47 1 1
github.com/19chonm/461_1_23/api/api.go:60.47,62.5 1 0
github.com/19chonm/461_1_23/api/api.go:80.69,86.20 4 1
github.com/19chonm/461_1_23/api/api.go:90.2,91.16 2 1
github.com/19chonm/461_1_23/api/api.go:94.2,94.36 1 1
github.com/19chonm/461_1_23/api/api.go:98.2,99.20 2 1
github.com/19chonm/461_1_23/api/api.go:102.2,107.9 3 1
github.com/19chonm/461_1_23/api/api.go:111.2,111.31 1 1
github.com/19chonm/461_1_23/api/api.go:86.20,88.3 1 0
github.com/19chonm/461_1_23/api/api.go:91.16,93.3 1 0
github.com/19chonm/461_1_23/api/api.go:94.36,96.3 1 0
github.com/19chonm/461_1_23/api/api.go:99.20,101.3 1 0
github.com/19chonm/461_1_23/api/api.go:107.9,109.3 1 0
github.com/19chonm/461_1_23/api/api.go:115.109,124.6 6 1
github.com/19chonm/461_1_23/api/api.go:124.6,128.17 4 1
github.com/19chonm/461_1_23/api/api.go:143.3,143.9 1 1
github.com/19chonm/461_1_23/api/api.go:128.17,131.4 2 0
github.com/19chonm/461_1_23/api/api.go:131.9,131.35 1 1
github.com/19chonm/461_1_23/api/api.go:131.35,132.38 1 0
github.com/19chonm/461_1_23/api/api.go:132.38,135.13 3 0
github.com/19chonm/461_1_23/api/api.go:136.10,139.5 2 0
github.com/19chonm/461_1_23/api/api.go:140.9,140.35 1 1
github.com/19chonm/461_1_23/api/api.go:140.35,142.4 1 1
github.com/19chonm/461_1_23/api/api.go:148.71,150.6 2 1
github.com/19chonm/461_1_23/api/api.go:150.6,152.20 2 1
github.com/19chonm/461_1_23/api/api.go:152.20,155.4 2 1
github.com/19chonm/461_1_23/api/api.go:155.9,155.24 1 1
github.com/19chonm/461_1_23/api/api.go:155.24,157.4 1 0
github.com/19chonm/461_1_23/api/api.go:162.86,165.16 3 1
github.com/19chonm/461_1_23/api/api.go:168.2,172.8 5 1
github.com/19chonm/461_1_23/api/api.go:165.16,167.3 1 0
github.com/19chonm/461_1_23/api/api.go:176.106,178.16 2 1
github.com/19chonm/461_1_23/api/api.go:182.2,184.25 2 1
github.com/19chonm/461_1_23/api/api.go:191.2,192.22 2 1
github.com/19chonm/461_1_23/api/api.go:198.2,198.8 1 1
github.com/19chonm/461_1_23/api/api.go:178.16,180.3 1 1
github.com/19chonm/461_1_23/api/api.go:184.25,188.3 3 0
github.com/19chonm/461_1_23/api/api.go:192.22,196.3 3 0
github.com/19chonm/461_1_23/api/api.go:203.126,205.16 2 1
github.com/19chonm/461_1_23/api/api.go:209.2,210.6 2 1
github.com/19chonm/461_1_23/api/api.go:205.16,208.3 2 0
github.com/19chonm/461_1_23/api/api.go:210.6,213.17 3 1
github.com/19chonm/461_1_23/api/api.go:217.3,220.36 3 1
github.com/19chonm/461_1_23/api/api.go:228.3,232.20 3 1
github.com/19chonm/461_1_23/api/api.go:238.3,240.35 3 1
github.com/19chonm/461_1_23/api/api.go:248.3,248.17 1 1
github.com/19chonm/461_1_23/api/api.go:213.17,215.4 1 0
github.com/19chonm/461_1_23/api/api.go:220.36,221.21 1 1
github.com/19chonm/461_1_23/api/api.go:221.21,225.5 3 0
github.com/19chonm/461_1_23/api/api.go:232.20,234.4 1 1
github.com/19chonm/461_1_23/api/api.go:240.35,241.47 1 1
github.com/19chonm/461_1_23/api/api.go:241.47,245.10 3 1
github.com/19chonm/461_1_23/api/api.go:248.17,250.4 1 1
github.com/19chonm/461_1_23/api/api.go:254.49,257.16 2 1
github.com/19chonm/461_1_23/api/api.go:261.2,262.16 2 1
github.com/19chonm/461_1_23/api/api.go:267.2,267.29 1 1
github.com/19chonm/461_1_23/api/api.go:257.16,259.3 1 0
github.com/19chonm/461_1_23/api/api.go:262.16,265.3 2 1
github.com/19chonm/461_1_23/api/api.go:267.29,269.3 1 1
github.com/19chonm/461_1_23/api/api.go:269.8,271.3 1 0
github.com/19chonm/461_1_23/api/api.go:274.63,277.16 2 1
github.com/19chonm/461_1_23/api/api.go:281.2,282.16 2 1
github.com/19chonm/461_1_23/api/api.go:287.2,289.28 3 1
github.com/19chonm/461_1_23/api/api.go:306.2,307.19 2 1
github.com/19chonm/461_1_23/api/api.go:314.2,314.40 1 1
github.com/19chonm/461_1_23/api/api.go:277.16,279.3 1 0
github.com/19chonm/461_1_23/api/api.go:282.16,285.3 2 0
github.com/19chonm/461_1_23/api/api.go:289.28,290.31 1 1
github.com/19chonm/461_1_23/api/api.go:293.3,294.17 2 1
github.com/19chonm/461_1_23/api/api.go:298.3,299.17 2 1
github.com/19chonm/461_1_23/api/api.go:303.3,304.17 2 1
github.com/19chonm/461_1_23/api/api.go:290.31,291.12 1 1
github.com/19chonm/461_1_23/api/api.go:294.17,297.4 2 0
github.com/19chonm/461_1_23/api/api.go:299.17,302.4 2 0
github.com/19chonm/461_1_23/api/api.go:307.19,310.3 1 1
github.com/19chonm/461_1_23/api/api.go:310.8,312.3 1 0
github.com/19chonm/461_1_23/api/api.go:317.56,321.16 2 1
github.com/19chonm/461_1_23/api/api.go:325.2,326.16 2 1
github.com/19chonm/461_1_23/api/api.go:331.2,334.28 4 1
github.com/19chonm/461_1_23/api/api.go:348.2,351.33 3 1
github.com/19chonm/461_1_23/api/api.go:365.2,365.31 1 1
github.com/19chonm/461_1_23/api/api.go:321.16,323.3 1 0
github.com/19chonm/461_1_23/api/api.go:326.16,329.3 2 0
github.com/19chonm/461_1_23/api/api.go:334.28,336.36 2 1
github.com/19chonm/461_1_23/api/api.go:341.3,341.24 1 1
github.com/19chonm/461_1_23/api/api.go:336.36,337.33 1 1
github.com/19chonm/461_1_23/api/api.go:337.33,339.5 1 1
github.com/19chonm/461_1_23/api/api.go:341.24,344.4 2 1
github.com/19chonm/461_1_23/api/api.go:351.33,353.27 2 1
github.com/19chonm/461_1_23/api/api.go:353.27,357.4 3 1
github.com/19chonm/461_1_23/api/api.go:357.9,357.34 1 1
github.com/19chonm/461_1_23/api/api.go:357.34,360.4 2 1
github.com/19chonm/461_1_23/api/api.go:360.9,360.34 1 1
github.com/19chonm/461_1_23/api/api.go:360.34,362.4 1 1
github.com/19chonm/461_1_23/api/api.go:368.57,371.2 2 1
github.com/19chonm/461_1_23/api/api.go:373.53,376.22 2 0
github.com/19chonm/461_1_23/api/api.go:385.2,385.11 1 0
github.com/19chonm/461_1_23/api/api.go:376.22,377.15 1 0
github.com/19chonm/461_1_23/api/api.go:377.15,379.16 2 0
github.com/19chonm/461_1_23/api/api.go:379.16,381.5 1 0
github.com/19chonm/461_1_23/api/api.go:388.64,391.14 2 1
github.com/19chonm/461_1_23/api/api.go:394.2,395.30 2 1
github.com/19chonm/461_1_23/api/api.go:400.2,407.16 6 1
github.com/19chonm/461_1_23/api/api.go:417.2,426.22 7 0
github.com/19chonm/461_1_23/api/api.go:430.2,430.38 1 0
github.com/19chonm/461_1_23/api/api.go:391.14,393.3 1 0
github.com/19chonm/461_1_23/api/api.go:395.30,397.3 1 1
github.com/19chonm/461_1_23/api/api.go:407.16,410.3 2 1
github.com/19chonm/461_1_23/api/api.go:426.22,428.3 1 0
github.com/19chonm/461_1_23/api/graphql.go:39.89,62.2 2 1
github.com/19chonm/461_1_23/api/graphql.go:64.106,66.16 2 1
github.com/19chonm/461_1_23/api/graphql.go:70.2,79.16 8 1
github.com/19chonm/461_1_23/api/graphql.go:83.2,86.16 3 1
github.com/19chonm/461_1_23/api/graphql.go:90.2,94.48 4 1
github.com/19chonm/461_1_23/api/graphql.go:66.16,68.3 1 0
github.com/19chonm/461_1_23/api/graphql.go:79.16,81.3 1 0
github.com/19chonm/461_1_23/api/graphql.go:86.16,88.3 1 0
github.com/19chonm/461_1_23/metrics/formulaCalculator.go:13.43,16.23 2 0
github.com/19chonm/461_1_23/metrics/formulaCalculator.go:28.2,28.13 1 0
github.com/19chonm/461_1_23/metrics/formulaCalculator.go:34.2,34.12 1 0
github.com/19chonm/461_1_23/metrics/formulaCalculator.go:16.23,17.21 1 0
github.com/19chonm/461_1_23/metrics/formulaCalculator.go:25.3,25.28 1 0
github.com/19chonm/461_1_23/metrics/formulaCalculator.go:17.21,18.20 1 0
github.com/19chonm/461_1_23/metrics/formulaCalculator.go:18.20,20.5 1 0
github.com/19chonm/461_1_23/metrics/formulaCalculator.go:20.10,21.13 1 0
github.com/19chonm/461_1_23/metrics/formulaCalculator.go:28.13,30.3 1 0
github.com/19chonm/461_1_23/metrics/formulaCalculator.go:30.8,30.20 1 0
github.com/19chonm/461_1_23/metrics/formulaCalculator.go:30.20,32.3 1 0
github.com/19chonm/461_1_23/metrics/formulaCalculator.go:37.52,39.16 1 0
github.com/19chonm/461_1_23/metrics/formulaCalculator.go:42.2,42.40 1 0
github.com/19chonm/461_1_23/metrics/formulaCalculator.go:39.16,41.3 1 0
github.com/19chonm/461_1_23/metrics/formulaCalculator.go:45.82,61.2 5 0
github.com/19chonm/461_1_23/metrics/formulaCalculator.go:63.50,66.14 1 0
github.com/19chonm/461_1_23/metrics/formulaCalculator.go:70.2,70.40 1 0
github.com/19chonm/461_1_23/metrics/formulaCalculator.go:66.14,68.3 1 0
github.com/19chonm/461_1_23/metrics/formulaCalculator.go:73.51,76.16 1 0
github.com/19chonm/461_1_23/metrics/formulaCalculator.go:80.2,80.44 1 0
github.com/19chonm/461_1_23/metrics/formulaCalculator.go:76.16,78.3 1 0
github.com/19chonm/461_1_23/metrics/formulaCalculator.go:83.46,97.35 2 0
github.com/19chonm/461_1_23/metrics/formulaCalculator.go:103.2,103.10 1 0
github.com/19chonm/461_1_23/metrics/formulaCalculator.go:97.35,98.19 1 0
github.com/19chonm/461_1_23/metrics/formulaCalculator.go:98.19,100.4 1 0
github.com/19chonm/461_1_23/main.go:5.13,7.2 1 0
github.com/19chonm/461_1_23/worker/manager.go:12.71,16.34 3 1
github.com/19chonm/461_1_23/worker/manager.go:32.2,33.17 2 1
github.com/19chonm/461_1_23/worker/manager.go:16.34,18.13 1 1
github.com/19chonm/461_1_23/worker/manager.go:18.13,20.8 2 1
github.com/19chonm/461_1_23/worker/manager.go:20.8,22.12 2 1
github.com/19chonm/461_1_23/worker/manager.go:27.5,27.27 1 1
github.com/19chonm/461_1_23/worker/manager.go:22.12,26.6 3 1
github.com/19chonm/461_1_23/worker/worker.go:11.57,16.16 3 1
github.com/19chonm/461_1_23/worker/worker.go:22.2,23.16 2 1
github.com/19chonm/461_1_23/worker/worker.go:28.2,29.16 2 1
github.com/19chonm/461_1_23/worker/worker.go:34.2,35.16 2 1
github.com/19chonm/461_1_23/worker/worker.go:40.2,41.16 2 1
github.com/19chonm/461_1_23/worker/worker.go:47.2,48.16 2 1
github.com/19chonm/461_1_23/worker/worker.go:54.2,75.15 12 0
github.com/19chonm/461_1_23/worker/worker.go:16.16,19.3 2 1
github.com/19chonm/461_1_23/worker/worker.go:23.16,26.3 2 1
github.com/19chonm/461_1_23/worker/worker.go:29.16,32.3 2 0
github.com/19chonm/461_1_23/worker/worker.go:35.16,38.3 2 0
github.com/19chonm/461_1_23/worker/worker.go:41.16,44.3 2 0
github.com/19chonm/461_1_23/worker/worker.go:48.16,51.3 2 1
github.com/19chonm/461_1_23/fileio/reader.go:13.38,16.14 2 0
github.com/19chonm/461_1_23/fileio/reader.go:21.2,23.57 2 0
github.com/19chonm/461_1_23/fileio/reader.go:27.2,27.14 1 0
github.com/19chonm/461_1_23/fileio/reader.go:16.14,19.3 2 0
github.com/19chonm/461_1_23/fileio/reader.go:23.57,25.3 1 0
github.com/19chonm/461_1_23/fileio/reader.go:30.46,36.14 3 0
github.com/19chonm/461_1_23/fileio/reader.go:41.2,42.21 2 0
github.com/19chonm/461_1_23/fileio/reader.go:53.2,53.26 1 0
github.com/19chonm/461_1_23/fileio/reader.go:57.2,58.11 2 0
github.com/19chonm/461_1_23/fileio/reader.go:36.14,39.3 2 0
github.com/19chonm/461_1_23/fileio/reader.go:42.21,44.33 2 0
github.com/19chonm/461_1_23/fileio/reader.go:44.33,46.4 1 0
github.com/19chonm/461_1_23/fileio/reader.go:46.9,50.4 2 0
github.com/19chonm/461_1_23/fileio/reader.go:53.26,55.3 1 0
github.com/19chonm/461_1_23/fileio/reader.go:61.35,63.2 1 0
github.com/19chonm/461_1_23/metrics/scanner.go:10.44,16.16 6 1
github.com/19chonm/461_1_23/metrics/scanner.go:20.2,21.16 2 0
github.com/19chonm/461_1_23/metrics/scanner.go:25.2,26.19 2 0
github.com/19chonm/461_1_23/metrics/scanner.go:16.16,18.3 1 1
github.com/19chonm/461_1_23/metrics/scanner.go:21.16,23.3 1 0
github.com/19chonm/461_1_23/cli/commands/install.go:20.47,29.17 5 0
github.com/19chonm/461_1_23/cli/commands/install.go:35.3,42.17 6 0
github.com/19chonm/461_1_23/cli/commands/install.go:50.3,57.17 6 0
github.com/19chonm/461_1_23/cli/commands/install.go:64.3,64.45 1 0
github.com/19chonm/461_1_23/cli/commands/install.go:29.17,32.4 2 0
github.com/19chonm/461_1_23/cli/commands/install.go:42.17,45.4 2 0
github.com/19chonm/461_1_23/cli/commands/install.go:45.9,47.4 1 0
github.com/19chonm/461_1_23/cli/commands/install.go:57.17,60.4 2 0
github.com/19chonm/461_1_23/cli/commands/install.go:60.9,62.4 1 0
github.com/19chonm/461_1_23/cli/commands/install.go:68.13,70.2 1 1
github.com/19chonm/461_1_23/cli/commands/team23.go:23.48,25.3 0 0
github.com/19chonm/461_1_23/cli/commands/team23.go:34.16,36.23 1 0
github.com/19chonm/461_1_23/cli/commands/team23.go:64.2,64.12 1 0
github.com/19chonm/461_1_23/cli/commands/team23.go:36.23,40.3 1 0
github.com/19chonm/461_1_23/cli/commands/team23.go:40.8,40.39 1 0
github.com/19chonm/461_1_23/cli/commands/team23.go:40.39,52.3 6 0
github.com/19chonm/461_1_23/cli/commands/team23.go:52.8,53.24 1 0
github.com/19chonm/461_1_23/cli/commands/team23.go:53.24,55.43 1 0
github.com/19chonm/461_1_23/cli/commands/team23.go:55.43,58.4 2 0
github.com/19chonm/461_1_23/cli/commands/team23.go:59.8,62.3 2 0
